2018-06-05T01:55:43 :> 2
2018-06-05T01:56:41 :> 52a18b61-6bc8-4f6c-9923-ea439e050f31 :> 0 :> 0001
2018-06-05T01:56:41 :> 52a18b61-6bc8-4f6c-9923-ea439e050f31 :> 0 :> 0012 :> 52a18b61-6bc8-4f6c-9923-ea439e050f31
2018-06-05T01:56:41 :> 52a18b61-6bc8-4f6c-9923-ea439e050f31 :> 0 :> 0021 :> Launch :> Editor
2018-06-05T01:56:56 :> 52a18b61-6bc8-4f6c-9923-ea439e050f31 :> 15 :> 0022 :> Preview Renderer :> D3D11 :> 1
2018-06-05T01:56:56 :> 52a18b61-6bc8-4f6c-9923-ea439e050f31 :> 15 :> 0022 :> D3D11 Driver Type :> Hardware :> 1
2018-06-05T01:57:00 :> c460a6f9-4a9d-47e7-a469-1d352e8d79e9 :> 0 :> 0001
2018-06-05T01:57:00 :> c460a6f9-4a9d-47e7-a469-1d352e8d79e9 :> 0 :> 0012 :> c460a6f9-4a9d-47e7-a469-1d352e8d79e9
2018-06-05T01:57:00 :> c460a6f9-4a9d-47e7-a469-1d352e8d79e9 :> 0 :> 0021 :> Launch :> Recorder
2018-06-05T01:57:02 :> c460a6f9-4a9d-47e7-a469-1d352e8d79e9 :> 2 :> 0013
2018-06-05T01:57:02 :> c460a6f9-4a9d-47e7-a469-1d352e8d79e9 :> 2 :> 0002
2018-06-05T06:58:35 :> 64af37ae-a163-4949-9982-22994e72a2ab :> 0 :> 0001
2018-06-05T06:58:35 :> 64af37ae-a163-4949-9982-22994e72a2ab :> 0 :> 0012 :> 64af37ae-a163-4949-9982-22994e72a2ab
2018-06-05T06:58:35 :> 64af37ae-a163-4949-9982-22994e72a2ab :> 0 :> 0021 :> Launch :> Editor
2018-06-05T06:59:24 :> 64af37ae-a163-4949-9982-22994e72a2ab :> 49 :> 0022 :> Preview Renderer :> D3D11 :> 1
2018-06-05T06:59:24 :> 64af37ae-a163-4949-9982-22994e72a2ab :> 49 :> 0022 :> D3D11 Driver Type :> Hardware :> 1
2018-06-05T07:02:09 :> 64af37ae-a163-4949-9982-22994e72a2ab :> 214 :> 0021 :> Imported Media :> Local
2018-06-05T07:02:09 :> 64af37ae-a163-4949-9982-22994e72a2ab :> 214 :> 0021 :> New Project Started :> New Project From Import
2018-06-05T07:02:39 :> 64af37ae-a163-4949-9982-22994e72a2ab :> 244 :> 0021 :> Behaviors :> Switched to Behaviors Tool
2018-06-05T07:03:11 :> 64af37ae-a163-4949-9982-22994e72a2ab :> 276 :> 0021 :> Imported Media :> Local
2018-06-05T07:07:00 :> 64af37ae-a163-4949-9982-22994e72a2ab :> 505 :> 0022 :>  :> Minutes Before User First Production :> 13
2018-06-05T07:16:47 :> 64af37ae-a163-4949-9982-22994e72a2ab :> 1092 :> 0022 :> Feature Use :> Scorm Production :> 0
2018-06-05T07:16:47 :> 64af37ae-a163-4949-9982-22994e72a2ab :> 1092 :> 0022 :> Feature Use :> Percentage of Productions with Transitio :> 0
2018-06-05T07:16:47 :> 64af37ae-a163-4949-9982-22994e72a2ab :> 1092 :> 0022 :> Feature Use :> Produced Transition Count :> 0
2018-06-05T07:16:47 :> 64af37ae-a163-4949-9982-22994e72a2ab :> 1092 :> 0022 :> Feature Use :> Percentage of Productions with Decreased :> 0
2018-06-05T07:16:47 :> 64af37ae-a163-4949-9982-22994e72a2ab :> 1092 :> 0022 :> Feature Use :> Produced Decreased Clip Speed Count :> 0
2018-06-05T07:16:47 :> 64af37ae-a163-4949-9982-22994e72a2ab :> 1092 :> 0022 :> Feature Use :> Percentage of Productions with Increased :> 0
2018-06-05T07:16:47 :> 64af37ae-a163-4949-9982-22994e72a2ab :> 1092 :> 0022 :> Feature Use :> Produced Increased Clip Speed Count :> 0
2018-06-05T07:16:47 :> 64af37ae-a163-4949-9982-22994e72a2ab :> 1092 :> 0022 :> Feature Use :> Percentage of Productions with Effects :> 0
2018-06-05T07:16:47 :> 64af37ae-a163-4949-9982-22994e72a2ab :> 1092 :> 0022 :> Feature Use :> Produced Effect Count :> 0
2018-06-05T07:16:47 :> 64af37ae-a163-4949-9982-22994e72a2ab :> 1092 :> 0022 :> Feature Use :> Percentage of Productions with Animations :> 0
2018-06-05T07:16:47 :> 64af37ae-a163-4949-9982-22994e72a2ab :> 1092 :> 0022 :> Feature Use :> Produced Animation Count :> 0
2018-06-05T07:16:47 :> 64af37ae-a163-4949-9982-22994e72a2ab :> 1092 :> 0022 :> Feature Use :> Percentage of Productions with Legacy Ca :> 0
2018-06-05T07:16:47 :> 64af37ae-a163-4949-9982-22994e72a2ab :> 1092 :> 0022 :> Feature Use :> Produced Legacy Callout Count :> 0
2018-06-05T07:16:47 :> 64af37ae-a163-4949-9982-22994e72a2ab :> 1092 :> 0022 :> Feature Use :> Percentage of Productions with Remix Cal :> 0
2018-06-05T07:16:47 :> 64af37ae-a163-4949-9982-22994e72a2ab :> 1092 :> 0022 :> Feature Use :> Produced Remix Callout Count :> 0
2018-06-05T07:16:47 :> 64af37ae-a163-4949-9982-22994e72a2ab :> 1092 :> 0022 :> Feature Use :> Percentage of Productions with Recordings :> 0
2018-06-05T07:16:47 :> 64af37ae-a163-4949-9982-22994e72a2ab :> 1092 :> 0022 :> Feature Use :> Produced Recording Count :> 0
2018-06-05T07:16:47 :> 64af37ae-a163-4949-9982-22994e72a2ab :> 1092 :> 0022 :> Feature Use :> Percentage of Productions with Images :> 0
2018-06-05T07:16:47 :> 64af37ae-a163-4949-9982-22994e72a2ab :> 1092 :> 0022 :> Feature Use :> Produced Image Count :> 0
2018-06-05T07:16:47 :> 64af37ae-a163-4949-9982-22994e72a2ab :> 1092 :> 0022 :> Feature Use :> Percentage of Productions with Quizzes :> 0
2018-06-05T07:16:47 :> 64af37ae-a163-4949-9982-22994e72a2ab :> 1092 :> 0022 :> Feature Use :> Produced Quiz Count :> 0
2018-06-05T07:16:47 :> 64af37ae-a163-4949-9982-22994e72a2ab :> 1092 :> 0022 :> Feature Use :> Percentage of Productions with Captions :> 0
2018-06-05T07:16:47 :> 64af37ae-a163-4949-9982-22994e72a2ab :> 1092 :> 0022 :> Feature Use :> Produced Caption Count :> 0
2018-06-05T07:16:47 :> 64af37ae-a163-4949-9982-22994e72a2ab :> 1092 :> 0022 :> Behaviors :> Produced Behavior Per Media Count :> 0
2018-06-05T07:16:47 :> 64af37ae-a163-4949-9982-22994e72a2ab :> 1092 :> 0021 :> Audio :> M4A Production
2018-06-05T07:16:47 :> 64af37ae-a163-4949-9982-22994e72a2ab :> 1092 :> 0021 :> Produce Location :> Local
2018-06-05T07:16:47 :> 64af37ae-a163-4949-9982-22994e72a2ab :> 1092 :> 0022 :> Produce Location :> All%5BEngagement%5D :> 44.8917
2018-06-05T07:18:12 :> 206bfbe4-729b-4fe6-972b-19bf57b6b9fd :> 0 :> 0001
2018-06-05T07:18:12 :> 206bfbe4-729b-4fe6-972b-19bf57b6b9fd :> 0 :> 0012 :> 206bfbe4-729b-4fe6-972b-19bf57b6b9fd
2018-06-05T07:18:12 :> 206bfbe4-729b-4fe6-972b-19bf57b6b9fd :> 0 :> 0021 :> Launch :> Editor
2018-06-05T07:18:26 :> 206bfbe4-729b-4fe6-972b-19bf57b6b9fd :> 14 :> 0022 :> Preview Renderer :> D3D11 :> 1
2018-06-05T07:18:26 :> 206bfbe4-729b-4fe6-972b-19bf57b6b9fd :> 14 :> 0022 :> D3D11 Driver Type :> Hardware :> 1
2018-06-05T07:18:35 :> 206bfbe4-729b-4fe6-972b-19bf57b6b9fd :> 23 :> 0021 :> Imported Media :> Local
2018-06-05T07:18:35 :> 206bfbe4-729b-4fe6-972b-19bf57b6b9fd :> 23 :> 0021 :> New Project Started :> New Project From Import
2018-06-05T07:35:31 :> e29f6832-bd4f-4c98-964c-f00f39237bde :> 0 :> 0001
2018-06-05T07:35:31 :> e29f6832-bd4f-4c98-964c-f00f39237bde :> 0 :> 0012 :> e29f6832-bd4f-4c98-964c-f00f39237bde
2018-06-05T07:35:31 :> e29f6832-bd4f-4c98-964c-f00f39237bde :> 0 :> 0021 :> Launch :> Editor
2018-06-05T07:35:39 :> e29f6832-bd4f-4c98-964c-f00f39237bde :> 8 :> 0022 :> Preview Renderer :> D3D11 :> 1
2018-06-05T07:35:39 :> e29f6832-bd4f-4c98-964c-f00f39237bde :> 8 :> 0022 :> D3D11 Driver Type :> Hardware :> 1
2018-06-05T07:35:46 :> e29f6832-bd4f-4c98-964c-f00f39237bde :> 15 :> 0021 :> Imported Media :> Local
2018-06-05T07:35:46 :> e29f6832-bd4f-4c98-964c-f00f39237bde :> 15 :> 0021 :> New Project Started :> New Project From Import
2018-06-05T07:41:01 :> e29f6832-bd4f-4c98-964c-f00f39237bde :> 330 :> 0022 :> Feature Use :> Scorm Production :> 0
2018-06-05T07:41:01 :> e29f6832-bd4f-4c98-964c-f00f39237bde :> 330 :> 0022 :> Feature Use :> Percentage of Productions with Transitio :> 0
2018-06-05T07:41:01 :> e29f6832-bd4f-4c98-964c-f00f39237bde :> 330 :> 0022 :> Feature Use :> Produced Transition Count :> 0
2018-06-05T07:41:01 :> e29f6832-bd4f-4c98-964c-f00f39237bde :> 330 :> 0022 :> Feature Use :> Percentage of Productions with Decreased :> 0
2018-06-05T07:41:01 :> e29f6832-bd4f-4c98-964c-f00f39237bde :> 330 :> 0022 :> Feature Use :> Produced Decreased Clip Speed Count :> 0
2018-06-05T07:41:01 :> e29f6832-bd4f-4c98-964c-f00f39237bde :> 330 :> 0022 :> Feature Use :> Percentage of Productions with Increased :> 0
2018-06-05T07:41:01 :> e29f6832-bd4f-4c98-964c-f00f39237bde :> 330 :> 0022 :> Feature Use :> Produced Increased Clip Speed Count :> 0
2018-06-05T07:41:01 :> e29f6832-bd4f-4c98-964c-f00f39237bde :> 330 :> 0022 :> Feature Use :> Percentage of Productions with Effects :> 0
2018-06-05T07:41:01 :> e29f6832-bd4f-4c98-964c-f00f39237bde :> 330 :> 0022 :> Feature Use :> Produced Effect Count :> 0
2018-06-05T07:41:01 :> e29f6832-bd4f-4c98-964c-f00f39237bde :> 330 :> 0022 :> Feature Use :> Percentage of Productions with Animations :> 0
2018-06-05T07:41:01 :> e29f6832-bd4f-4c98-964c-f00f39237bde :> 330 :> 0022 :> Feature Use :> Produced Animation Count :> 0
2018-06-05T07:41:01 :> e29f6832-bd4f-4c98-964c-f00f39237bde :> 330 :> 0022 :> Feature Use :> Percentage of Productions with Legacy Ca :> 0
2018-06-05T07:41:01 :> e29f6832-bd4f-4c98-964c-f00f39237bde :> 330 :> 0022 :> Feature Use :> Produced Legacy Callout Count :> 0
2018-06-05T07:41:01 :> e29f6832-bd4f-4c98-964c-f00f39237bde :> 330 :> 0022 :> Feature Use :> Percentage of Productions with Remix Cal :> 0
2018-06-05T07:41:01 :> e29f6832-bd4f-4c98-964c-f00f39237bde :> 330 :> 0022 :> Feature Use :> Produced Remix Callout Count :> 0
2018-06-05T07:41:01 :> e29f6832-bd4f-4c98-964c-f00f39237bde :> 330 :> 0022 :> Feature Use :> Percentage of Productions with Recordings :> 0
2018-06-05T07:41:01 :> e29f6832-bd4f-4c98-964c-f00f39237bde :> 330 :> 0022 :> Feature Use :> Produced Recording Count :> 0
2018-06-05T07:41:01 :> e29f6832-bd4f-4c98-964c-f00f39237bde :> 330 :> 0022 :> Feature Use :> Percentage of Productions with Images :> 0
2018-06-05T07:41:01 :> e29f6832-bd4f-4c98-964c-f00f39237bde :> 330 :> 0022 :> Feature Use :> Produced Image Count :> 0
2018-06-05T07:41:01 :> e29f6832-bd4f-4c98-964c-f00f39237bde :> 330 :> 0022 :> Feature Use :> Percentage of Productions with Quizzes :> 0
2018-06-05T07:41:01 :> e29f6832-bd4f-4c98-964c-f00f39237bde :> 330 :> 0022 :> Feature Use :> Produced Quiz Count :> 0
2018-06-05T07:41:01 :> e29f6832-bd4f-4c98-964c-f00f39237bde :> 330 :> 0022 :> Feature Use :> Percentage of Productions with Captions :> 0
2018-06-05T07:41:01 :> e29f6832-bd4f-4c98-964c-f00f39237bde :> 330 :> 0022 :> Feature Use :> Produced Caption Count :> 0
2018-06-05T07:41:01 :> e29f6832-bd4f-4c98-964c-f00f39237bde :> 330 :> 0022 :> Behaviors :> Produced Behavior Per Media Count :> 0
2018-06-05T07:41:01 :> e29f6832-bd4f-4c98-964c-f00f39237bde :> 330 :> 0021 :> Audio :> M4A Production
2018-06-05T07:41:01 :> e29f6832-bd4f-4c98-964c-f00f39237bde :> 330 :> 0021 :> Produce Location :> Local
2018-06-05T07:41:01 :> e29f6832-bd4f-4c98-964c-f00f39237bde :> 330 :> 0022 :> Produce Location :> All%5BEngagement%5D :> 43.77
2018-11-03T04:00:21 :> 0dcf69a9-517e-4098-a0d3-ef57f3278c47 :> 0 :> 0001
2018-11-03T04:00:21 :> 0dcf69a9-517e-4098-a0d3-ef57f3278c47 :> 0 :> 0012 :> 0dcf69a9-517e-4098-a0d3-ef57f3278c47
2018-11-03T04:00:21 :> 0dcf69a9-517e-4098-a0d3-ef57f3278c47 :> 0 :> 0021 :> Launch :> Editor
2018-11-03T04:01:23 :> 0dcf69a9-517e-4098-a0d3-ef57f3278c47 :> 62 :> 0022 :> Preview Renderer :> D3D11 :> 1
2018-11-03T04:01:23 :> 0dcf69a9-517e-4098-a0d3-ef57f3278c47 :> 62 :> 0022 :> D3D11 Driver Type :> Hardware :> 1
2018-11-03T04:03:27 :> 64e30755-9ceb-4210-a07c-a8f87cf3c15d :> 0 :> 0001
2018-11-03T04:03:27 :> 64e30755-9ceb-4210-a07c-a8f87cf3c15d :> 0 :> 0012 :> 64e30755-9ceb-4210-a07c-a8f87cf3c15d
2018-11-03T04:03:27 :> 64e30755-9ceb-4210-a07c-a8f87cf3c15d :> 0 :> 0021 :> Launch :> Editor
2018-11-03T04:03:41 :> 64e30755-9ceb-4210-a07c-a8f87cf3c15d :> 14 :> 0022 :> Preview Renderer :> D3D11 :> 1
2018-11-03T04:03:41 :> 64e30755-9ceb-4210-a07c-a8f87cf3c15d :> 14 :> 0022 :> D3D11 Driver Type :> Hardware :> 1
